This is e-TeX, Version 3.14159-2.1 (Web2C 7.4.5) (format=latex 2005.6.13)  14 OCT 2005 15:32
entering extended mode
**docu.tex
(./docu.tex
LaTeX2e <2001/06/01>
Babel <v3.7h> and hyphenation patterns for american, french, german, ngerman, b
ahasa, basque, catalan, croatian, czech, danish, dutch, finnish, greek, iceland
ic, irish, italian, latin, magyar, norsk, norsk, portuges, romanian, russian, s
lovak, slovene, spanish, swedish, turkish, ukrainian, nohyphenation, loaded.
(/usr/share/texmf/tex/latex/base/report.cls
Document Class: report 2001/04/21 v1.4e Standard LaTeX document class
(/usr/share/texmf/tex/latex/base/size11.clo
File: size11.clo 2001/04/21 v1.4e Standard LaTeX file (size option)
)
\c@part=\count79
\c@chapter=\count80
\c@section=\count81
\c@subsection=\count82
\c@subsubsection=\count83
\c@paragraph=\count84
\c@subparagraph=\count85
\c@figure=\count86
\c@table=\count87
\abovecaptionskip=\skip41
\belowcaptionskip=\skip42
\bibindent=\dimen102
)
(/usr/share/texmf/tex/latex/base/inputenc.sty
Package: inputenc 2001/07/10 v0.99a Input encoding file 

(/usr/share/texmf/tex/latex/base/latin1.def
File: latin1.def 2001/07/10 v0.99a Input encoding file 
))
(/usr/share/texmf/tex/latex/tools/showkeys.sty
Package: showkeys 1997/06/12 v3.12 Show cite and label keys (DPC)
) (./latex2e.tex
(/usr/share/texmf/tex/latex/graphics/graphicx.sty
Package: graphicx 1999/02/16 v1.0f Enhanced LaTeX Graphics (DPC,SPQR)

(/usr/share/texmf/tex/latex/graphics/keyval.sty
Package: keyval 1999/03/16 v1.13 key=value parser (DPC)
\KV@toks@=\toks14
)
(/usr/share/texmf/tex/latex/graphics/graphics.sty
Package: graphics 2001/07/07 v1.0n Standard LaTeX Graphics (DPC,SPQR)

(/usr/share/texmf/tex/latex/graphics/trig.sty
Package: trig 1999/03/16 v1.09 sin cos tan (DPC)
)
(/usr/share/texmf/tex/latex/config/graphics.cfg
File: graphics.cfg 2001/08/31 v1.1 graphics configuration of teTeX/TeXLive
)
Package graphics Info: Driver file: dvips.def on input line 80.

(/usr/share/texmf/tex/latex/graphics/dvips.def
File: dvips.def 1999/02/16 v3.0i Driver-dependant file (DPC,SPQR)
))
\Gin@req@height=\dimen103
\Gin@req@width=\dimen104
))
(/usr/share/texmf/tex/latex/graphics/epsfig.sty
Package: epsfig 1999/02/16 v1.7a (e)psfig emulation (SPQR)
\epsfxsize=\dimen105
\epsfysize=\dimen106
) (./mathe.tex (./mathcomp.tex)) (/usr/share/texmf/tex/latex/fancyheadings/fanc
yheadings.sty
\headrulewidth=\dimen107
\footrulewidth=\dimen108
\plainheadrulewidth=\dimen109
\plainfootrulewidth=\dimen110
\headwidth=\dimen111
\footruleskip=\dimen112
) (./options.sty)
(/usr/share/texmf/tex/latex/caption/caption.sty
Package: caption 2004/05/16 v3.0b Customising captions (AS)
\captionmargin=\dimen113
\captionwidth=\dimen114
\captionindent=\dimen115
\captionparindent=\dimen116
\captionhangindent=\dimen117
)
(/usr/share/texmf/tex/latex/amsmath/amsopn.sty
Package: amsopn 1999/12/14 v2.01 operator names

(/usr/share/texmf/tex/latex/amsmath/amsgen.sty
File: amsgen.sty 1999/11/30 v2.0
\@emptytoks=\toks15
\ex@=\dimen118
))
(/usr/share/texmf/tex/latex/amsmath/amsmath.sty
Package: amsmath 2000/07/18 v2.13 AMS math features
\@mathmargin=\skip43

For additional information on amsmath, use the `?' option.
(/usr/share/texmf/tex/latex/amsmath/amstext.sty
Package: amstext 2000/06/29 v2.01
)
(/usr/share/texmf/tex/latex/amsmath/amsbsy.sty
Package: amsbsy 1999/11/29 v1.2d
\pmbraise@=\dimen119
)
\inf@bad=\count88
LaTeX Info: Redefining \frac on input line 211.
\uproot@=\count89
\leftroot@=\count90
LaTeX Info: Redefining \overline on input line 307.
\classnum@=\count91
\DOTSCASE@=\count92
LaTeX Info: Redefining \ldots on input line 379.
LaTeX Info: Redefining \dots on input line 382.
LaTeX Info: Redefining \cdots on input line 467.
\Mathstrutbox@=\box26
\strutbox@=\box27
\big@size=\dimen120
LaTeX Font Info:    Redeclaring font encoding OML on input line 567.
LaTeX Font Info:    Redeclaring font encoding OMS on input line 568.
\macc@depth=\count93
\c@MaxMatrixCols=\count94
\dotsspace@=\muskip10
\c@parentequation=\count95
\dspbrk@lvl=\count96
\tag@help=\toks16
\row@=\count97
\column@=\count98
\maxfields@=\count99
\andhelp@=\toks17
\eqnshift@=\dimen121
\alignsep@=\dimen122
\tagshift@=\dimen123
\tagwidth@=\dimen124
\totwidth@=\dimen125
\lineht@=\dimen126
\@envbody=\toks18
\multlinegap=\skip44
\multlinetaggap=\skip45
\mathdisplay@stack=\toks19
LaTeX Info: Redefining \[ on input line 2666.
LaTeX Info: Redefining \] on input line 2667.
)
(/usr/share/texmf/tex/latex/amscls/amsthm.sty
Package: amsthm 2000/10/26 v2.08
\thm@style=\toks20
\thm@bodyfont=\toks21
\thm@headfont=\toks22
\thm@notefont=\toks23
\thm@headpunct=\toks24
\thm@preskip=\skip46
\thm@postskip=\skip47
\thm@headsep=\skip48
\dth@everypar=\toks25
)
(/usr/share/texmf/tex/latex/amsfonts/amssymb.sty
Package: amssymb 2002/01/22 v2.2d

(/usr/share/texmf/tex/latex/amsfonts/amsfonts.sty
Package: amsfonts 2001/10/25 v2.2f
\symAMSa=\mathgroup4
\symAMSb=\mathgroup5
LaTeX Font Info:    Overwriting math alphabet `\mathfrak' in version `bold'
(Font)                  U/euf/m/n --> U/euf/b/n on input line 132.
)) (./docu.aux (./titel.aux)
(./chapter1.aux) (./chapter2.aux) (./chapter3.aux) (./chapter4.aux)
(./chapter5.aux) (./conclusion.aux))
\openout1 = `docu.aux'.

LaTeX Font Info:    Checking defaults for OML/cmm/m/it on input line 25.
LaTeX Font Info:    ... okay on input line 25.
LaTeX Font Info:    Checking defaults for T1/cmr/m/n on input line 25.
LaTeX Font Info:    ... okay on input line 25.
LaTeX Font Info:    Checking defaults for OT1/cmr/m/n on input line 25.
LaTeX Font Info:    ... okay on input line 25.
LaTeX Font Info:    Checking defaults for OMS/cmsy/m/n on input line 25.
LaTeX Font Info:    ... okay on input line 25.
LaTeX Font Info:    Checking defaults for OMX/cmex/m/n on input line 25.
LaTeX Font Info:    ... okay on input line 25.
LaTeX Font Info:    Checking defaults for U/cmr/m/n on input line 25.
LaTeX Font Info:    ... okay on input line 25.

(/usr/share/texmf/tex/latex/ms/ragged2e.sty
Package: ragged2e 2003/02/24 v2.02 ragged2e Package (MS)

(/usr/share/texmf/tex/latex/ms/everysel.sty
Package: everysel 1999/06/08 v1.03 EverySelectfont Package (MS)
LaTeX Info: Redefining \selectfont on input line 125.
)
\CenteringLeftskip=\skip49
\RaggedLeftLeftskip=\skip50
\RaggedRightLeftskip=\skip51
\CenteringRightskip=\skip52
\RaggedLeftRightskip=\skip53
\RaggedRightRightskip=\skip54
\CenteringParfillskip=\skip55
\RaggedLeftParfillskip=\skip56
\RaggedRightParfillskip=\skip57
\JustifyingParfillskip=\skip58
\CenteringParindent=\skip59
\RaggedLeftParindent=\skip60
\RaggedRightParindent=\skip61
\JustifyingParindent=\skip62
)
\openout2 = `titel.aux'.

 (./titel.tex
LaTeX Font Info:    Try loading font information for U+msa on input line 11.

(/usr/share/texmf/tex/latex/amsfonts/umsa.fd
File: umsa.fd 2002/01/19 v2.2g AMS font definitions
)
LaTeX Font Info:    Try loading font information for U+msb on input line 11.

(/usr/share/texmf/tex/latex/amsfonts/umsb.fd
File: umsb.fd 2002/01/19 v2.2g AMS font definitions
)
File: uniHB2.eps Graphic file (type eps)
 <uniHB2.eps> [1


]
File: ANT.eps Graphic file (type eps)
 <ANT.eps>
File: uniHB2.eps Graphic file (type eps)

<uniHB2.eps>
Underfull \hbox (badness 10000) in paragraph at lines 89--93

 []


Overfull \hbox (9.88582pt too wide) in paragraph at lines 88--94
 []$[]$ 
 []

[2

]) (./docu.toc [1




]
Overfull \hbox (1.53299pt too wide) in paragraph at lines 38--38
 [][] []\OT1/cmr/m/n/10.95 Transfer char-ac-ter-is-tics with Par-al-lel In-ter-
fer-ence Can- 
 []

)
\tf@toc=\write3
\openout3 = `docu.toc'.


Overfull \vbox (1.59999pt too high) has occurred while \output is active []


[2]
\openout2 = `chapter1.aux'.

 (./chapter1.tex
Chapter 1.

Overfull \hbox (6.04866pt too wide) in paragraph at lines 2--20
\OT1/cmr/m/n/10.95 In 3G mo-bile com-mu-ni-ca-tion sys-tems Code Di-vi-sion Mul
-ti-ple Ac-cess (CDMA)
 []


Underfull \hbox (badness 10000) in paragraph at lines 2--20

 []


Underfull \hbox (badness 10000) in paragraph at lines 2--20

 []


Underfull \hbox (badness 10000) in paragraph at lines 2--20

 []


Underfull \hbox (badness 10000) in paragraph at lines 2--20

 []


Underfull \hbox (badness 10000) in paragraph at lines 2--20

 []


Underfull \hbox (badness 10000) in paragraph at lines 2--20

 []


Underfull \hbox (badness 10000) in paragraph at lines 2--20

 []


Underfull \hbox (badness 10000) in paragraph at lines 2--20

 []


Underfull \hbox (badness 10000) in paragraph at lines 2--20

 []


Underfull \hbox (badness 10000) in paragraph at lines 2--20

 []


Underfull \hbox (badness 10000) in paragraph at lines 2--20

 []


Underfull \hbox (badness 10000) in paragraph at lines 2--20

 []


Underfull \hbox (badness 10000) in paragraph at lines 2--20

 []


Underfull \hbox (badness 10000) in paragraph at lines 2--20

 []


Underfull \hbox (badness 10000) in paragraph at lines 2--20

 []


Underfull \hbox (badness 10000) in paragraph at lines 2--20

 []


Underfull \hbox (badness 10000) in paragraph at lines 2--20

 []

[1



] [2]) [3]
\openout2 = `chapter2.aux'.

 (./chapter2.tex
Chapter 2.
File: ps/c1_mu.eps Graphic file (type eps)
<ps/c1_mu.eps>
Underfull \hbox (badness 10000) in paragraph at lines 3--12

 []


Underfull \hbox (badness 10000) in paragraph at lines 3--12

 []


Underfull \hbox (badness 10000) in paragraph at lines 3--12

 []

[4



]
File: ps/fdma.eps Graphic file (type eps)
 <ps/fdma.eps>
Underfull \hbox (badness 10000) in paragraph at lines 13--22

 []


Underfull \hbox (badness 10000) in paragraph at lines 13--22

 []

LaTeX Font Info:    Try loading font information for OMS+cmr on input line 24.
(/usr/share/texmf/tex/latex/base/omscmr.fd
File: omscmr.fd 1999/05/25 v2.5h Standard LaTeX font definitions
)
LaTeX Font Info:    Font shape `OMS/cmr/m/n' in size <10.95> not available
(Font)              Font shape `OMS/cmsy/m/n' tried instead on input line 24.
 [5]
File: ps/tdma.eps Graphic file (type eps)
 <ps/tdma.eps> [6] [7]
File: ps/cdma.eps Graphic file (type eps)

<ps/cdma.eps>
Underfull \hbox (badness 10000) in paragraph at lines 59--74

 []


Underfull \hbox (badness 10000) in paragraph at lines 59--74

 []


Underfull \hbox (badness 10000) in paragraph at lines 59--74

 []


Underfull \hbox (badness 10000) in paragraph at lines 59--74

 []


Underfull \hbox (badness 10000) in paragraph at lines 59--74

 []


Underfull \hbox (badness 10000) in paragraph at lines 59--74

 []


Underfull \hbox (badness 10000) in paragraph at lines 59--74

 []


Underfull \hbox (badness 10000) in paragraph at lines 59--74

 []

[8]
File: ps/ds_cdma.eps Graphic file (type eps)
 <ps/ds_cdma.eps>)
Underfull \hbox (badness 10000) in paragraph at lines 75--35

 []


Underfull \hbox (badness 10000) in paragraph at lines 75--35

 []

[9] [10]
\openout2 = `chapter3.aux'.

 (./chapter3.tex
Chapter 3.

Underfull \hbox (badness 10000) in paragraph at lines 2--4

 []

File: ps/single_user_comm.eps Graphic file (type eps)
<ps/single_user_comm.eps>
Underfull \hbox (badness 10000) in paragraph at lines 11--13

 []

[11



]
Underfull \hbox (badness 10000) in paragraph at lines 19--22

 []

File: ps/conv_end.eps Graphic file (type eps)
<ps/conv_end.eps>
Underfull \hbox (badness 10000) in paragraph at lines 34--37

 []

[12]
Underfull \hbox (badness 10000) in paragraph at lines 43--46

 []

File: ps/mapping.eps Graphic file (type eps)
<ps/mapping.eps> [13]
File: ps/interleaver.eps Graphic file (type eps)
 <ps/interleaver.eps>
Underfull \hbox (badness 10000) in paragraph at lines 70--85

 []


Underfull \hbox (badness 10000) in paragraph at lines 70--85

 []


Underfull \hbox (badness 10000) in paragraph at lines 70--85

 []


Underfull \hbox (badness 10000) in paragraph at lines 70--85

 []


Underfull \hbox (badness 10000) in paragraph at lines 70--85

 []


Overfull \hbox (10.80997pt too wide) in paragraph at lines 70--85
\OT1/cmr/m/n/10.95 Reversing the in-ter-leav-ing pro-cess is called de-interlea
ving, which re-distributes
 []


Underfull \hbox (badness 10000) in paragraph at lines 70--85

 []


Underfull \hbox (badness 10000) in paragraph at lines 70--85

 []


Underfull \hbox (badness 10000) in paragraph at lines 70--85

 []

[14] [15]
File: ps/spreading.eps Graphic file (type eps)
 <ps/spreading.eps>
Underfull \hbox (badness 10000) in paragraph at lines 95--98

 []

[16]
Underfull \hbox (badness 10000) in paragraph at lines 104--106

 []


Underfull \hbox (badness 10000) in paragraph at lines 104--106

 []

File: ps/multi_user.eps Graphic file (type eps)
<ps/multi_user.eps>)
Underfull \hbox (badness 10000) in paragraph at lines 107--36

 []

[17] [18]
\openout2 = `chapter4.aux'.

 (./chapter4.tex
Chapter 4.

Underfull \hbox (badness 10000) in paragraph at lines 7--10

 []

[19



]
Underfull \hbox (badness 10000) in paragraph at lines 26--30

 []


Underfull \hbox (badness 10000) in paragraph at lines 26--30

 []

File: ps/joint_preproc.eps Graphic file (type eps)
<ps/joint_preproc.eps> [20] [21]
File: ps/turbo_receiver.eps Graphic file (type eps)
 <ps/turbo_receiver.eps>
Underfull \hbox (badness 10000) in paragraph at lines 74--81

 []

[22]
Underfull \hbox (badness 10000) in paragraph at lines 111--114

 []

[23]
Underfull \hbox (badness 10000) in paragraph at lines 115--118

 []


Underfull \hbox (badness 10000) in paragraph at lines 115--118

 []


Underfull \hbox (badness 10000) in paragraph at lines 133--135

 []

[24]
File: ps/pic_multi_stage.eps Graphic file (type eps)
 <ps/pic_multi_stage.eps> [25]
Underfull \hbox (badness 10000) in paragraph at lines 156--160

 []


Underfull \hbox (badness 10000) in paragraph at lines 156--160

 []

[26]
Underfull \hbox (badness 10000) in paragraph at lines 164--167

 []


Underfull \hbox (badness 10000) in paragraph at lines 168--171

 []


Underfull \hbox (badness 10000) in paragraph at lines 168--171

 []


Underfull \hbox (badness 10000) in paragraph at lines 175--178

 []

[27]
File: ps/clipping.eps Graphic file (type eps)
 <ps/clipping.eps>
Underfull \hbox (badness 10000) in paragraph at lines 186--194

 []

[28]
File: ps/nonlinear_pic.eps Graphic file (type eps)
 <ps/nonlinear_pic.eps> [29])
Underfull \hbox (badness 10000) in paragraph at lines 215--37

 []


Underfull \hbox (badness 10000) in paragraph at lines 215--37

 []


Underfull \hbox (badness 10000) in paragraph at lines 215--37

 []

[30]
\openout2 = `chapter5.aux'.

 (./chapter5.tex
Chapter 5.

Underfull \hbox (badness 10000) in paragraph at lines 2--6

 []


Overfull \hbox (5.29852pt too wide) in paragraph at lines 2--6
\OT1/cmr/m/n/10.95 which then spreaded by pseudo ran-dom spread-ing codes $\OT1
/cmr/bx/n/10.95 c[]  \OT1/cmr/m/n/10.95 =  []$
 []


Underfull \hbox (badness 10000) in paragraph at lines 2--6

 []


Underfull \hbox (badness 10000) in paragraph at lines 2--6

 []


Underfull \hbox (badness 10000) in paragraph at lines 12--27

 []


Underfull \hbox (badness 10000) in paragraph at lines 12--27

 []


Underfull \hbox (badness 10000) in paragraph at lines 12--27

 []


Underfull \hbox (badness 10000) in paragraph at lines 12--27

 []


Underfull \hbox (badness 10000) in paragraph at lines 12--27

 []


Underfull \hbox (badness 10000) in paragraph at lines 12--27

 []


Underfull \hbox (badness 10000) in paragraph at lines 12--27

 []


Underfull \hbox (badness 10000) in paragraph at lines 12--27

 []


Underfull \hbox (badness 10000) in paragraph at lines 12--27

 []


Underfull \hbox (badness 10000) in paragraph at lines 12--27

 []


Underfull \hbox (badness 10000) in paragraph at lines 12--27

 []


Underfull \hbox (badness 10000) in paragraph at lines 12--27

 []


Underfull \hbox (badness 10000) in paragraph at lines 12--27

 []


Underfull \hbox (badness 10000) in paragraph at lines 12--27

 []

[31



] [32]
Underfull \hbox (badness 10000) in paragraph at lines 28--30

 []

[33]
Underfull \hbox (badness 10000) in paragraph at lines 32--37

 []


Underfull \hbox (badness 10000) in paragraph at lines 32--37

 []


Underfull \hbox (badness 10000) in paragraph at lines 32--37

 []


Underfull \hbox (badness 10000) in paragraph at lines 32--37

 []

[34]
File: ps/exit_rx.eps Graphic file (type eps)
 <ps/exit_rx.eps>
File: ps/multi_user.eps Graphic file (type eps)
 <ps/multi_user.eps>
Underfull \hbox (badness 10000) in paragraph at lines 43--60

 []


Underfull \hbox (badness 10000) in paragraph at lines 43--60

 []


Underfull \hbox (badness 10000) in paragraph at lines 43--60

 []

[35]
Underfull \hbox (badness 10000) in paragraph at lines 67--70

 []


Underfull \hbox (badness 10000) in paragraph at lines 72--76

 []


Underfull \hbox (badness 10000) in paragraph at lines 72--76

 []

[36]
File: exit_trajectories_0dB_pic.eps Graphic file (type eps)
 <exit_trajectories_0dB_pic.eps> [37]
File: exit_trajectories_3dB_pic.eps Graphic file (type eps)
 <exit_trajectories_3dB_pic.eps>
File: exit_trajectories_5dB_pic.eps Graphic file (type eps)

<exit_trajectories_5dB_pic.eps>
Underfull \hbox (badness 10000) in paragraph at lines 91--102

 []

[38]
File: exit_trajectories_0dB_pic_fl.eps Graphic file (type eps)
 <exit_trajectories_0dB_pic_fl.eps>
File: exit_trajectories_3dB_pic_fl.eps Graphic file (type eps)
 <exit_trajectories_3dB_pic_fl.eps>
Underfull \hbox (badness 10000) in paragraph at lines 103--114

 []


Underfull \hbox (badness 10000) in paragraph at lines 103--114

 []

[39]
File: exit_trajectories_5dB_pic_fl.eps Graphic file (type eps)
 <exit_trajectories_5dB_pic_fl.eps>
Underfull \hbox (badness 10000) in paragraph at lines 115--123

 []

[40]
File: ps/me_rx.eps Graphic file (type eps)
 <ps/me_rx.eps>
Underfull \hbox (badness 10000) in paragraph at lines 125--134

 []


Underfull \hbox (badness 10000) in paragraph at lines 125--134

 []


Underfull \hbox (badness 10000) in paragraph at lines 125--134

 []


Overfull \hbox (25.77496pt too wide) in paragraph at lines 136--138
\OT1/cmr/m/n/10.95 br Now the ba-sic pa-ram-e-ters such as Signal-to-Interferen
ce-plus-noise-ratio(SINR)
 []

[41]
Underfull \hbox (badness 10000) in paragraph at lines 140--144

 []


Underfull \hbox (badness 10000) in paragraph at lines 140--144

 []


Underfull \hbox (badness 10000) in paragraph at lines 146--149

 []


Underfull \hbox (badness 10000) in paragraph at lines 151--157

 []


Underfull \hbox (badness 10000) in paragraph at lines 151--157

 []


Underfull \hbox (badness 10000) in paragraph at lines 151--157

 []


Underfull \hbox (badness 10000) in paragraph at lines 151--157

 []

[42] [43]
Underfull \hbox (badness 10000) in paragraph at lines 159--161

 []


Underfull \hbox (badness 10000) in paragraph at lines 159--161

 []

File: ps/dynamical_model.eps Graphic file (type eps)
<ps/dynamical_model.eps> [44]
File: ps/vtc_rx.eps Graphic file (type eps)
 <ps/vtc_rx.eps>
Underfull \hbox (badness 10000) in paragraph at lines 173--181

 []

[45]
Underfull \hbox (badness 10000) in paragraph at lines 191--194

 []


Underfull \hbox (badness 10000) in paragraph at lines 196--200

 []


Underfull \hbox (badness 10000) in paragraph at lines 196--200

 []


Underfull \hbox (badness 10000) in paragraph at lines 202--205

 []

[46]
Underfull \hbox (badness 10000) in paragraph at lines 207--210

 []


Underfull \hbox (badness 10000) in paragraph at lines 221--225

 []


Underfull \hbox (badness 10000) in paragraph at lines 221--225

 []


Underfull \hbox (badness 10000) in paragraph at lines 227--230

 []

[47] [48]
File: VTC_trajectories_4_8_0dB.eps Graphic file (type eps)
 <VTC_trajectories_4_8_0dB.eps>
File: VTC_trajectories_4_8_3dB.eps Graphic file (type eps)
 <VTC_trajectories_4_8_3dB.eps>
Underfull \hbox (badness 10000) in paragraph at lines 238--252

 []


Underfull \hbox (badness 10000) in paragraph at lines 238--252

 []

[49]
File: VTC_trajectories_4_8_5dB.eps Graphic file (type eps)
 <VTC_trajectories_4_8_5dB.eps>
File: VTC_trajectories_8_8_0dB.eps Graphic file (type eps)
 <VTC_trajectories_8_8_0dB.eps>
Underfull \hbox (badness 10000) in paragraph at lines 253--266

 []

[50]
File: VTC_trajectories_8_8_3dB.eps Graphic file (type eps)
 <VTC_trajectories_8_8_3dB.eps>
File: VTC_trajectories_8_8_5dB.eps Graphic file (type eps)
 <VTC_trajectories_8_8_5dB.eps>)
Underfull \hbox (badness 10000) in paragraph at lines 267--38

 []

[51] [52] [53]
\openout2 = `conclusion.aux'.

 (./conclusion.tex
Chapter 6.
) [54



] (./docu.bbl) [55


] (./docu.aux (./titel.aux) (./chapter1.aux)
(./chapter2.aux) (./chapter3.aux) (./chapter4.aux) (./chapter5.aux)
(./conclusion.aux)) ) 
Here is how much of TeX's memory you used:
 2447 strings out of 95370
 30202 string characters out of 1188185
 83723 words of memory out of 1000001
 5371 multiletter control sequences out of 10000+50000
 20129 words of font info for 76 fonts, out of 500000 for 1000
 198 hyphenation exceptions out of 1000
 31i,18n,32p,853b,281s stack positions out of 1500i,500n,5000p,200000b,5000s

Output written on docu.dvi (59 pages, 111152 bytes).
