This is e-TeX, Version 3.14159-2.1 (Web2C 7.4.5) (format=latex 2005.6.13)  5 JUL 2005 19:39
entering extended mode
**docu.tex
(/usr/share/texmf/tex/latex/tools/q.tex
LaTeX2e <2001/06/01>
Babel <v3.7h> and hyphenation patterns for american, french, german, ngerman, b
ahasa, basque, catalan, croatian, czech, danish, dutch, finnish, greek, iceland
ic, irish, italian, latin, magyar, norsk, norsk, portuges, romanian, russian, s
lovak, slovene, spanish, swedish, turkish, ukrainian, nohyphenation, loaded.
File ignored
)
! Emergency stop.
<*> docu.tex
            
*** (job aborted, no legal \end found)

 
Here is how much of TeX's memory you used:
 6 strings out of 95370
 119 string characters out of 1188185
 47266 words of memory out of 1000001
 3157 multiletter control sequences out of 10000+50000
 3640 words of font info for 14 fonts, out of 500000 for 1000
 198 hyphenation exceptions out of 1000
 5i,0n,1p,88b,8s stack positions out of 1500i,500n,5000p,200000b,5000s
No pages of output.
