This is e-TeX, Version 3.14159-2.1 (Web2C 7.4.5) (format=latex 2005.6.13)  12 DEC 2005 16:40
entering extended mode
**docu.tex
(./docu.tex
LaTeX2e <2001/06/01>
Babel <v3.7h> and hyphenation patterns for american, french, german, ngerman, b
ahasa, basque, catalan, croatian, czech, danish, dutch, finnish, greek, iceland
ic, irish, italian, latin, magyar, norsk, norsk, portuges, romanian, russian, s
lovak, slovene, spanish, swedish, turkish, ukrainian, nohyphenation, loaded.
(/usr/share/texmf/tex/latex/base/report.cls
Document Class: report 2001/04/21 v1.4e Standard LaTeX document class
(/usr/share/texmf/tex/latex/base/size11.clo
File: size11.clo 2001/04/21 v1.4e Standard LaTeX file (size option)
)
\c@part=\count79
\c@chapter=\count80
\c@section=\count81
\c@subsection=\count82
\c@subsubsection=\count83
\c@paragraph=\count84
\c@subparagraph=\count85
\c@figure=\count86
\c@table=\count87
\abovecaptionskip=\skip41
\belowcaptionskip=\skip42
\bibindent=\dimen102
)
(/usr/share/texmf/tex/latex/base/inputenc.sty
Package: inputenc 2001/07/10 v0.99a Input encoding file 

(/usr/share/texmf/tex/latex/base/latin1.def
File: latin1.def 2001/07/10 v0.99a Input encoding file 
)) (./latex2e.tex
(/usr/share/texmf/tex/latex/graphics/graphicx.sty
Package: graphicx 1999/02/16 v1.0f Enhanced LaTeX Graphics (DPC,SPQR)

(/usr/share/texmf/tex/latex/graphics/keyval.sty
Package: keyval 1999/03/16 v1.13 key=value parser (DPC)
\KV@toks@=\toks14
)
(/usr/share/texmf/tex/latex/graphics/graphics.sty
Package: graphics 2001/07/07 v1.0n Standard LaTeX Graphics (DPC,SPQR)

(/usr/share/texmf/tex/latex/graphics/trig.sty
Package: trig 1999/03/16 v1.09 sin cos tan (DPC)
)
(/usr/share/texmf/tex/latex/config/graphics.cfg
File: graphics.cfg 2001/08/31 v1.1 graphics configuration of teTeX/TeXLive
)
Package graphics Info: Driver file: dvips.def on input line 80.

(/usr/share/texmf/tex/latex/graphics/dvips.def
File: dvips.def 1999/02/16 v3.0i Driver-dependant file (DPC,SPQR)
))
\Gin@req@height=\dimen103
\Gin@req@width=\dimen104
))
(/usr/share/texmf/tex/latex/graphics/epsfig.sty
Package: epsfig 1999/02/16 v1.7a (e)psfig emulation (SPQR)
\epsfxsize=\dimen105
\epsfysize=\dimen106
) (./mathe.tex (./mathcomp.tex)) (./fancyheadings.sty
\headrulewidth=\dimen107
\footrulewidth=\dimen108
\plainheadrulewidth=\dimen109
\plainfootrulewidth=\dimen110
\headwidth=\dimen111
) (./options.sty) (./caption.sty
Package: caption 1995/04/05 v1.4b caption package (HS)

Package: caption v1.4b <1995/04/05> (Harald Sommerfeldt)
\captionmargin=\skip43
\as@captionbox=\box26
\as@captionwidth=\skip44
) (/usr/share/texmf/tex/latex/amsmath/amsopn.sty
Package: amsopn 1999/12/14 v2.01 operator names

(/usr/share/texmf/tex/latex/amsmath/amsgen.sty
File: amsgen.sty 1999/11/30 v2.0
\@emptytoks=\toks15
\ex@=\dimen112
))
(/usr/share/texmf/tex/latex/amsmath/amsmath.sty
Package: amsmath 2000/07/18 v2.13 AMS math features
\@mathmargin=\skip45

For additional information on amsmath, use the `?' option.
(/usr/share/texmf/tex/latex/amsmath/amstext.sty
Package: amstext 2000/06/29 v2.01
)
(/usr/share/texmf/tex/latex/amsmath/amsbsy.sty
Package: amsbsy 1999/11/29 v1.2d
\pmbraise@=\dimen113
)
\inf@bad=\count88
LaTeX Info: Redefining \frac on input line 211.
\uproot@=\count89
\leftroot@=\count90
LaTeX Info: Redefining \overline on input line 307.
\classnum@=\count91
\DOTSCASE@=\count92
LaTeX Info: Redefining \ldots on input line 379.
LaTeX Info: Redefining \dots on input line 382.
LaTeX Info: Redefining \cdots on input line 467.
\Mathstrutbox@=\box27
\strutbox@=\box28
\big@size=\dimen114
LaTeX Font Info:    Redeclaring font encoding OML on input line 567.
LaTeX Font Info:    Redeclaring font encoding OMS on input line 568.
\macc@depth=\count93
\c@MaxMatrixCols=\count94
\dotsspace@=\muskip10
\c@parentequation=\count95
\dspbrk@lvl=\count96
\tag@help=\toks16
\row@=\count97
\column@=\count98
\maxfields@=\count99
\andhelp@=\toks17
\eqnshift@=\dimen115
\alignsep@=\dimen116
\tagshift@=\dimen117
\tagwidth@=\dimen118
\totwidth@=\dimen119
\lineht@=\dimen120
\@envbody=\toks18
\multlinegap=\skip46
\multlinetaggap=\skip47
\mathdisplay@stack=\toks19
LaTeX Info: Redefining \[ on input line 2666.
LaTeX Info: Redefining \] on input line 2667.
)
(/usr/share/texmf/tex/latex/amscls/amsthm.sty
Package: amsthm 2000/10/26 v2.08
\thm@style=\toks20
\thm@bodyfont=\toks21
\thm@headfont=\toks22
\thm@notefont=\toks23
\thm@headpunct=\toks24
\thm@preskip=\skip48
\thm@postskip=\skip49
\thm@headsep=\skip50
\dth@everypar=\toks25
)
(/usr/share/texmf/tex/latex/amsfonts/amssymb.sty
Package: amssymb 2002/01/22 v2.2d

(/usr/share/texmf/tex/latex/amsfonts/amsfonts.sty
Package: amsfonts 2001/10/25 v2.2f
\symAMSa=\mathgroup4
\symAMSb=\mathgroup5
LaTeX Font Info:    Overwriting math alphabet `\mathfrak' in version `bold'
(Font)                  U/euf/m/n --> U/euf/b/n on input line 132.
))
(/usr/share/texmf/tex/latex/tools/verbatim.sty
Package: verbatim 2001/03/12 v1.5p LaTeX2e package for verbatim enhancements
\every@verbatim=\toks26
\verbatim@line=\toks27
\verbatim@in@stream=\read1
)
\footnotelaenge=\skip51
 (./docu.aux (./titel.aux)
(./chapter1.aux) (./chapter2.aux) (./chapter3.aux) (./chapter4.aux)
(./chapter5.aux) (./chapter6.aux) (./conclusion.aux))
\openout1 = `docu.aux'.

LaTeX Font Info:    Checking defaults for OML/cmm/m/it on input line 63.
LaTeX Font Info:    ... okay on input line 63.
LaTeX Font Info:    Checking defaults for T1/cmr/m/n on input line 63.
LaTeX Font Info:    ... okay on input line 63.
LaTeX Font Info:    Checking defaults for OT1/cmr/m/n on input line 63.
LaTeX Font Info:    ... okay on input line 63.
LaTeX Font Info:    Checking defaults for OMS/cmsy/m/n on input line 63.
LaTeX Font Info:    ... okay on input line 63.
LaTeX Font Info:    Checking defaults for OMX/cmex/m/n on input line 63.
LaTeX Font Info:    ... okay on input line 63.
LaTeX Font Info:    Checking defaults for U/cmr/m/n on input line 63.
LaTeX Font Info:    ... okay on input line 63.
\openout2 = `titel.aux'.

 (./titel.tex
LaTeX Font Info:    Try loading font information for U+msa on input line 11.

(/usr/share/texmf/tex/latex/amsfonts/umsa.fd
File: umsa.fd 2002/01/19 v2.2g AMS font definitions
)
LaTeX Font Info:    Try loading font information for U+msb on input line 11.

(/usr/share/texmf/tex/latex/amsfonts/umsb.fd
File: umsb.fd 2002/01/19 v2.2g AMS font definitions
)
File: uniHB2.eps Graphic file (type eps)
 <uniHB2.eps> [1


]
File: ANT.eps Graphic file (type eps)
 <ANT.eps>
File: uniHB2.eps Graphic file (type eps)

<uniHB2.eps>
Underfull \hbox (badness 10000) in paragraph at lines 89--93

 []

[2

]) (./docu.toc
Overfull \vbox (1.59999pt too high) has occurred while \output is active []


[1




])
\tf@toc=\write3
\openout3 = `docu.toc'.


Overfull \vbox (1.59999pt too high) has occurred while \output is active []


[2]
\openout2 = `chapter1.aux'.

 (./chapter1.tex
Chapter 1.

Underfull \hbox (badness 10000) in paragraph at lines 2--9

 []


Underfull \hbox (badness 10000) in paragraph at lines 2--9

 []


Underfull \hbox (badness 10000) in paragraph at lines 2--9

 []


Underfull \hbox (badness 10000) in paragraph at lines 2--9

 []


Underfull \hbox (badness 10000) in paragraph at lines 2--9

 []


Underfull \hbox (badness 10000) in paragraph at lines 2--9

 []


Overfull \vbox (1.59999pt too high) has occurred while \output is active []


[1



])
Overfull \vbox (1.59999pt too high) has occurred while \output is active []


[2]
\openout2 = `chapter2.aux'.

 (./chapter2.tex
Chapter 2.
File: ps/c1_mu.eps Graphic file (type eps)
<ps/c1_mu.eps>
Underfull \hbox (badness 10000) in paragraph at lines 4--12

 []

File: ps/fdma.eps Graphic file (type eps)
<ps/fdma.eps>
Overfull \vbox (1.59999pt too high) has occurred while \output is active []


[3



]
LaTeX Font Info:    Try loading font information for OMS+cmr on input line 22.
 (/usr/share/texmf/tex/latex/base/omscmr.fd
File: omscmr.fd 1999/05/25 v2.5h Standard LaTeX font definitions
)
LaTeX Font Info:    Font shape `OMS/cmr/m/n' in size <10.95> not available
(Font)              Font shape `OMS/cmsy/m/n' tried instead on input line 22.
File: ps/tdma.eps Graphic file (type eps)
 <ps/tdma.eps>
Overfull \vbox (1.59999pt too high) has occurred while \output is active []


[4]
File: ps/cdma.eps Graphic file (type eps)
 <ps/cdma.eps>
Underfull \hbox (badness 10000) in paragraph at lines 57--69

 []


Underfull \hbox (badness 10000) in paragraph at lines 57--69

 []


Underfull \hbox (badness 10000) in paragraph at lines 57--69

 []


Underfull \hbox (badness 10000) in paragraph at lines 57--69

 []


Underfull \hbox (badness 10000) in paragraph at lines 57--69

 []


Overfull \vbox (1.59999pt too high) has occurred while \output is active []


[5]
File: ps/ds_cdma.eps Graphic file (type eps)
 <ps/ds_cdma.eps>
Overfull \vbox (1.59999pt too high) has occurred while \output is active []


[6]
Underfull \hbox (badness 10000) in paragraph at lines 75--77

 []

)
Overfull \vbox (1.59999pt too high) has occurred while \output is active []


[7]
\openout2 = `chapter3.aux'.

 (./chapter3.tex
Chapter 3.
File: ps/single_user_comm.eps Graphic file (type eps)
<ps/single_user_comm.eps>
Underfull \hbox (badness 10000) in paragraph at lines 10--12

 []


Overfull \vbox (1.59999pt too high) has occurred while \output is active []


[8



]
File: ps/conv_end.eps Graphic file (type eps)
 <ps/conv_end.eps>
Underfull \hbox (badness 10000) in paragraph at lines 40--43

 []

File: ps/mapping.eps Graphic file (type eps)
<ps/mapping.eps>
Overfull \vbox (1.59999pt too high) has occurred while \output is active []


[9]
File: ps/interleaver.eps Graphic file (type eps)
 <ps/interleaver.eps>
Underfull \hbox (badness 10000) in paragraph at lines 67--78

 []


Underfull \hbox (badness 10000) in paragraph at lines 67--78

 []


Underfull \hbox (badness 10000) in paragraph at lines 67--78

 []


Underfull \hbox (badness 10000) in paragraph at lines 67--78

 []


Overfull \vbox (1.59999pt too high) has occurred while \output is active []


[10]
File: ps/spreading.eps Graphic file (type eps)
 <ps/spreading.eps>
Overfull \vbox (1.59999pt too high) has occurred while \output is active []


[11]
Underfull \hbox (badness 10000) in paragraph at lines 103--105

 []


Underfull \hbox (badness 10000) in paragraph at lines 103--105

 []

File: ps/multi_user.eps Graphic file (type eps)
<ps/multi_user.eps>)
Underfull \hbox (badness 10000) in paragraph at lines 106--74

 []


Underfull \hbox (badness 10000) in paragraph at lines 106--74

 []


Overfull \vbox (1.59999pt too high) has occurred while \output is active []


[12]
Overfull \vbox (1.59999pt too high) has occurred while \output is active []


[13]
\openout2 = `chapter4.aux'.

 (./chapter4.tex
Chapter 4.

Underfull \hbox (badness 10000) in paragraph at lines 7--10

 []


Overfull \vbox (1.59999pt too high) has occurred while \output is active []


[14



]
Underfull \hbox (badness 10000) in paragraph at lines 26--30

 []


Underfull \hbox (badness 10000) in paragraph at lines 26--30

 []

File: ps/joint_preproc.eps Graphic file (type eps)
<ps/joint_preproc.eps>
Underfull \hbox (badness 10000) in paragraph at lines 31--39

 []


Overfull \vbox (1.59999pt too high) has occurred while \output is active []


[15]
Underfull \hbox (badness 10000) in paragraph at lines 66--69

 []


Underfull \hbox (badness 10000) in paragraph at lines 75--78

 []

File: ps/turbo_receiver.eps Graphic file (type eps)
<ps/turbo_receiver.eps>
Underfull \hbox (badness 10000) in paragraph at lines 79--86

 []


Overfull \vbox (1.59999pt too high) has occurred while \output is active []


[16]
Underfull \hbox (badness 10000) in paragraph at lines 116--119

 []


Overfull \vbox (1.59999pt too high) has occurred while \output is active []


[17]
File: ps/pic_multi_stage.eps Graphic file (type eps)
 <ps/pic_multi_stage.eps>
Overfull \vbox (1.59999pt too high) has occurred while \output is active []


[18]
Underfull \hbox (badness 10000) in paragraph at lines 162--166

 []


Underfull \hbox (badness 10000) in paragraph at lines 162--166

 []


Overfull \vbox (1.59999pt too high) has occurred while \output is active []


[19]
Underfull \hbox (badness 10000) in paragraph at lines 173--175

 []

File: ps/clipping.eps Graphic file (type eps)
<ps/clipping.eps>
Underfull \hbox (badness 10000) in paragraph at lines 195--198

 []


Overfull \vbox (1.59999pt too high) has occurred while \output is active []


[20]
File: ps/non_linear_dev.eps Graphic file (type eps)
 <ps/non_linear_dev.eps>
File: ps/nonlinear_pic.eps Graphic file (type eps)
 <ps/nonlinear_pic.eps>
Overfull \vbox (1.59999pt too high) has occurred while \output is active []


[21])
Overfull \vbox (1.59999pt too high) has occurred while \output is active []


[22]
\openout2 = `chapter5.aux'.

 (./chapter5.tex
Chapter 5.
File: ps/multi_user.eps Graphic file (type eps)
<ps/multi_user.eps>
Underfull \hbox (badness 10000) in paragraph at lines 15--20

 []


Underfull \hbox (badness 10000) in paragraph at lines 15--20

 []


Underfull \hbox (badness 10000) in paragraph at lines 15--20

 []


Overfull \vbox (1.59999pt too high) has occurred while \output is active []


[23



]
Overfull \hbox (6.1887pt too wide) in paragraph at lines 20--20
[]\OT1/cmr/bx/n/14.4 Extrinsic In-for-ma-tion Trans-fer Char-ac-ter-is-tic (EXI
T) Charts 
 []

File: ps/tens_model.eps Graphic file (type eps)
<ps/tens_model.eps>
Overfull \vbox (1.59999pt too high) has occurred while \output is active []


[24]
File: ps/exit_rx.eps Graphic file (type eps)
 <ps/exit_rx.eps>
Underfull \hbox (badness 10000) in paragraph at lines 38--48

 []


Underfull \hbox (badness 10000) in paragraph at lines 38--48

 []


LaTeX Font Warning: Command \tiny invalid in math mode on input line 50.


LaTeX Font Warning: Command \tiny invalid in math mode on input line 51.


LaTeX Font Warning: Command \tiny invalid in math mode on input line 52.


LaTeX Font Warning: Command \tiny invalid in math mode on input line 53.


Underfull \hbox (badness 10000) in paragraph at lines 55--58

 []


Overfull \vbox (1.59999pt too high) has occurred while \output is active []


[25]
Underfull \hbox (badness 10000) in paragraph at lines 68--72

 []


Underfull \hbox (badness 10000) in paragraph at lines 68--72

 []


Overfull \vbox (1.59999pt too high) has occurred while \output is active []


[26]
File: ps/exit_trajectories_3dB_half.eps Graphic file (type eps)
 <ps/exit_trajectories_3dB_half.eps>
Underfull \hbox (badness 10000) in paragraph at lines 73--83

 []


Underfull \hbox (badness 10000) in paragraph at lines 73--83

 []


Underfull \hbox (badness 10000) in paragraph at lines 73--83

 []


Underfull \hbox (badness 10000) in paragraph at lines 73--83

 []


Overfull \vbox (1.59999pt too high) has occurred while \output is active []


[27]
File: ps/exit_trajectories_0dB_half.eps Graphic file (type eps)
 <ps/exit_trajectories_0dB_half.eps>
File: ps/exit_trajectories_m3dB_half.eps Graphic file (type eps)
 <ps/exit_trajectories_m3dB_half.eps>
Underfull \hbox (badness 10000) in paragraph at lines 84--96

 []


Overfull \vbox (1.59999pt too high) has occurred while \output is active []


[28]
File: ps/exit_trajectories_5dB_half.eps Graphic file (type eps)
 <ps/exit_trajectories_5dB_half.eps>
File: ps/exit_trajectories_8dB_half.eps Graphic file (type eps)
 <ps/exit_trajectories_8dB_half.eps>
Underfull \hbox (badness 10000) in paragraph at lines 97--109

 []


Overfull \vbox (1.59999pt too high) has occurred while \output is active []


[29]
File: ps/exit_trajectories_2p5dB_half.eps Graphic file (type eps)
 <ps/exit_trajectories_2p5dB_half.eps>
Overfull \vbox (1.59999pt too high) has occurred while \output is active []


[30]
File: ps/exit_trajectories_3dB_full.eps Graphic file (type eps)
 <ps/exit_trajectories_3dB_full.eps>
File: ps/exit_trajectories_0dB_full.eps Graphic file (type eps)
 <ps/exit_trajectories_0dB_full.eps>
Underfull \hbox (badness 10000) in paragraph at lines 117--129

 []


Overfull \vbox (1.59999pt too high) has occurred while \output is active []


[31]
File: ps/exit_trajectories_5dB_full.eps Graphic file (type eps)
 <ps/exit_trajectories_5dB_full.eps>
File: ps/exit_trajectories_8dB_full.eps Graphic file (type eps)
 <ps/exit_trajectories_8dB_full.eps>
Underfull \hbox (badness 10000) in paragraph at lines 130--142

 []


Overfull \vbox (1.59999pt too high) has occurred while \output is active []


[32]
File: ps/exit_trajectories_2p5dB_full.eps Graphic file (type eps)
 <ps/exit_trajectories_2p5dB_full.eps>
Underfull \hbox (badness 10000) in paragraph at lines 143--151

 []


Underfull \hbox (badness 10000) in paragraph at lines 143--151

 []


Overfull \vbox (1.59999pt too high) has occurred while \output is active []


[33]
File: ps/me_rx.eps Graphic file (type eps)
 <ps/me_rx.eps>
Underfull \hbox (badness 10000) in paragraph at lines 153--161

 []


Underfull \hbox (badness 10000) in paragraph at lines 167--171

 []


Underfull \hbox (badness 10000) in paragraph at lines 167--171

 []


Underfull \hbox (badness 10000) in paragraph at lines 173--176

 []


Underfull \hbox (badness 10000) in paragraph at lines 178--182

 []


Underfull \hbox (badness 10000) in paragraph at lines 178--182

 []


Overfull \vbox (1.59999pt too high) has occurred while \output is active []


[34]
File: ps/dynamical_model_me.eps Graphic file (type eps)
 <ps/dynamical_model_me.eps>
Overfull \vbox (1.59999pt too high) has occurred while \output is active []


[35]
File: ps/load_1_3dB.eps Graphic file (type eps)
 <ps/load_1_3dB.eps>
Underfull \hbox (badness 10000) in paragraph at lines 195--202

 []


Overfull \vbox (1.59999pt too high) has occurred while \output is active []


[36]
File: ps/load_1_5dB.eps Graphic file (type eps)
 <ps/load_1_5dB.eps>
File: ps/load_1_8dB.eps Graphic file (type eps)
 <ps/load_1_8dB.eps>
Overfull \vbox (1.59999pt too high) has occurred while \output is active []


[37]
File: ps/load_2_3dB.eps Graphic file (type eps)
 <ps/load_2_3dB.eps>
File: ps/load_2_5dB.eps Graphic file (type eps)
 <ps/load_2_5dB.eps>
Underfull \hbox (badness 10000) in paragraph at lines 215--228

 []


Underfull \hbox (badness 10000) in paragraph at lines 215--228

 []


Overfull \vbox (1.59999pt too high) has occurred while \output is active []


[38]
File: ps/load_2_8dB.eps Graphic file (type eps)
 <ps/load_2_8dB.eps>
File: ps/load_3_3dB.eps Graphic file (type eps)
 <ps/load_3_3dB.eps>
Overfull \vbox (1.59999pt too high) has occurred while \output is active []


[39]
File: ps/load_3_8dB.eps Graphic file (type eps)
 <ps/load_3_8dB.eps>
File: ps/load_2p75_2p75dB.eps Graphic file (type eps)
 <ps/load_2p75_2p75dB.eps>
Underfull \hbox (badness 10000) in paragraph at lines 242--256

 []


Underfull \hbox (badness 10000) in paragraph at lines 242--256

 []


Overfull \vbox (1.59999pt too high) has occurred while \output is active []


[40]
File: ps/vtc_rx.eps Graphic file (type eps)
 <ps/vtc_rx.eps>
Underfull \hbox (badness 10000) in paragraph at lines 268--271

 []


Underfull \hbox (badness 10000) in paragraph at lines 277--280

 []


Underfull \hbox (badness 10000) in paragraph at lines 282--286

 []


Underfull \hbox (badness 10000) in paragraph at lines 282--286

 []


Overfull \vbox (1.59999pt too high) has occurred while \output is active []


[41]
Underfull \hbox (badness 10000) in paragraph at lines 288--291

 []

File: ps/dynamical_model.eps Graphic file (type eps)
<ps/dynamical_model.eps>
Underfull \hbox (badness 10000) in paragraph at lines 306--315

 []


Underfull \hbox (badness 10000) in paragraph at lines 306--315

 []


Overfull \vbox (1.59999pt too high) has occurred while \output is active []


[42]
Underfull \hbox (badness 10000) in paragraph at lines 317--320

 []


Overfull \vbox (1.59999pt too high) has occurred while \output is active []


[43]
File: ps/VTC_trajectories_4_8_3dB.eps Graphic file (type eps)
 <ps/VTC_trajectories_4_8_3dB.eps>
Underfull \hbox (badness 10000) in paragraph at lines 333--340

 []


Overfull \vbox (1.59999pt too high) has occurred while \output is active []


[44]
File: ps/VTC_trajectories_4_8_0dB.eps Graphic file (type eps)
 <ps/VTC_trajectories_4_8_0dB.eps>
File: ps/VTC_trajectories_4_8_5dB.eps Graphic file (type eps)
 <ps/VTC_trajectories_4_8_5dB.eps>
Underfull \hbox (badness 10000) in paragraph at lines 341--353

 []


Overfull \vbox (1.59999pt too high) has occurred while \output is active []


[45]
File: ps/VTC_trajectories_4_8_8dB.eps Graphic file (type eps)
 <ps/VTC_trajectories_4_8_8dB.eps>
File: ps/VTC_trajectories_4_8_2p5dB.eps Graphic file (type eps)
 <ps/VTC_trajectories_4_8_2p5dB.eps>
Underfull \hbox (badness 10000) in paragraph at lines 354--366

 []


Overfull \vbox (1.59999pt too high) has occurred while \output is active []


[46]
File: ps/VTC_trajectories_8_8_3dB.eps Graphic file (type eps)
 <ps/VTC_trajectories_8_8_3dB.eps>
File: ps/VTC_trajectories_8_8_0dB.eps Graphic file (type eps)
 <ps/VTC_trajectories_8_8_0dB.eps>
Underfull \hbox (badness 10000) in paragraph at lines 367--379

 []


Overfull \vbox (1.59999pt too high) has occurred while \output is active []


[47]
File: ps/VTC_trajectories_8_8_5dB.eps Graphic file (type eps)
 <ps/VTC_trajectories_8_8_5dB.eps>
File: ps/VTC_trajectories_8_8_8dB.eps Graphic file (type eps)
 <ps/VTC_trajectories_8_8_8dB.eps>
Underfull \hbox (badness 10000) in paragraph at lines 380--395

 []


Overfull \vbox (1.59999pt too high) has occurred while \output is active []


[48]
File: ps/VTC_trajectories_8_8_2p5dB.eps Graphic file (type eps)
 <ps/VTC_trajectories_8_8_2p5dB.eps>)
Overfull \vbox (1.59999pt too high) has occurred while \output is active []


[49]
\openout2 = `chapter6.aux'.

 (./chapter6.tex
Chapter 6.
File: ps/cycles.eps Graphic file (type eps)
<ps/cycles.eps>
File: ps/1.eps Graphic file (type eps)
 <ps/1.eps>
File: ps/circular_disk.eps Graphic file (type eps)
 <ps/circular_disk.eps>
Underfull \hbox (badness 10000) in paragraph at lines 2--20

 []


Underfull \hbox (badness 10000) in paragraph at lines 2--20

 []


Overfull \vbox (1.59999pt too high) has occurred while \output is active []


[50



]
File: ps/3.eps Graphic file (type eps)
 <ps/3.eps>
File: ps/4.eps Graphic file (type eps)
 <ps/4.eps>
Overfull \vbox (1.59999pt too high) has occurred while \output is active []


[51]
Underfull \hbox (badness 10000) in paragraph at lines 33--36

 []


Underfull \hbox (badness 10000) in paragraph at lines 33--36

 []


Overfull \vbox (1.59999pt too high) has occurred while \output is active []


[52]
File: ps/concave.eps Graphic file (type eps)
 <ps/concave.eps>
File: ps/x1.eps Graphic file (type eps)
 <ps/x1.eps>
File: ps/convex.eps Graphic file (type eps)
 <ps/convex.eps>
File: ps/z1.eps Graphic file (type eps)
 <ps/z1.eps>
Overfull \vbox (1.59999pt too high) has occurred while \output is active []


[53])
Overfull \vbox (1.59999pt too high) has occurred while \output is active []


[54]
Overfull \vbox (1.59999pt too high) has occurred while \output is active []


[55]
\openout2 = `conclusion.aux'.

 (./conclusion.tex
Chapter 7.
)
Underfull \hbox (badness 10000) in paragraph at lines 2--78

 []


Underfull \hbox (badness 10000) in paragraph at lines 2--78

 []


Overfull \hbox (0.44875pt too wide) in paragraph at lines 2--78
\OT1/cmr/m/n/10.95 parallel-interference can-celer. As we men-tioned pre-vi-ous
ly, an-a-lyz-ing with successive-interference
 []


Underfull \hbox (badness 10000) in paragraph at lines 2--78

 []


Underfull \hbox (badness 10000) in paragraph at lines 2--78

 []


Overfull \vbox (1.59999pt too high) has occurred while \output is active []


[56



] (./docu.bbl)
Overfull \vbox (1.59999pt too high) has occurred while \output is active []


[57


] (./docu.aux (./titel.aux) (./chapter1.aux) (./chapter2.aux)
(./chapter3.aux) (./chapter4.aux) (./chapter5.aux) (./chapter6.aux)
(./conclusion.aux)) ) 
Here is how much of TeX's memory you used:
 2137 strings out of 95370
 24272 string characters out of 1188185
 75984 words of memory out of 1000001
 5036 multiletter control sequences out of 10000+50000
 19608 words of font info for 74 fonts, out of 500000 for 1000
 198 hyphenation exceptions out of 1000
 28i,16n,29p,1204b,275s stack positions out of 1500i,500n,5000p,200000b,5000s

Output written on docu.dvi (61 pages, 150552 bytes).
